<?xml version="1.0" encoding="UTF-8"?>
<!-- Generated by org.testng.reporters.JUnitXMLReporter -->
<testsuite ignored="0" hostname="ELSDBNM-214381" failures="0" tests="40" name="EmployeesRestAssredTests" time="30.47" errors="0" timestamp="2022-04-10T15:29:12 IST">
  <testcase classname="com.EmplyeesAPITestCases.TC001_Get_All_Employees" name="checkResponseBody" time="0.015"/>
  <testcase classname="com.EmplyeesAPITestCases.TC001_Get_All_Employees" name="checkResponseTime" time="0.001"/>
  <testcase classname="com.EmplyeesAPITestCases.TC001_Get_All_Employees" name="checkStatusCode" time="0.001"/>
  <testcase classname="com.EmplyeesAPITestCases.TC001_Get_All_Employees" name="checkStatusLine" time="0.0"/>
  <testcase classname="com.EmplyeesAPITestCases.TC001_Get_All_Employees" name="getContentEncoding" time="0.001"/>
  <testcase classname="com.EmplyeesAPITestCases.TC001_Get_All_Employees" name="getContentLength" time="0.0"/>
  <testcase classname="com.EmplyeesAPITestCases.TC001_Get_All_Employees" name="getContentType" time="0.001"/>
  <testcase classname="com.EmplyeesAPITestCases.TC001_Get_All_Employees" name="getServerType" time="0.001"/>
  <testcase classname="com.EmplyeesAPITestCases.TC002_Get_Single_Emplyee_Details" name="checkResponseBody" time="0.002"/>
  <testcase classname="com.EmplyeesAPITestCases.TC002_Get_Single_Emplyee_Details" name="checkResponseTime" time="0.001"/>
  <testcase classname="com.EmplyeesAPITestCases.TC002_Get_Single_Emplyee_Details" name="checkStatusCode" time="0.0"/>
  <testcase classname="com.EmplyeesAPITestCases.TC002_Get_Single_Emplyee_Details" name="checkStatusLine" time="0.0"/>
  <testcase classname="com.EmplyeesAPITestCases.TC002_Get_Single_Emplyee_Details" name="getContentEncoding" time="0.001"/>
  <testcase classname="com.EmplyeesAPITestCases.TC002_Get_Single_Emplyee_Details" name="getContentLength" time="0.0"/>
  <testcase classname="com.EmplyeesAPITestCases.TC002_Get_Single_Emplyee_Details" name="getContentType" time="0.001"/>
  <testcase classname="com.EmplyeesAPITestCases.TC002_Get_Single_Emplyee_Details" name="getServerType" time="0.001"/>
  <testcase classname="com.EmplyeesAPITestCases.TC003_Create_New_Employee_Record" name="checkResponseBody" time="0.002"/>
  <testcase classname="com.EmplyeesAPITestCases.TC003_Create_New_Employee_Record" name="checkResponseTime" time="0.0"/>
  <testcase classname="com.EmplyeesAPITestCases.TC003_Create_New_Employee_Record" name="checkStatusCode" time="0.001"/>
  <testcase classname="com.EmplyeesAPITestCases.TC003_Create_New_Employee_Record" name="checkStatusLine" time="0.0"/>
  <testcase classname="com.EmplyeesAPITestCases.TC003_Create_New_Employee_Record" name="getContentEncoding" time="0.0"/>
  <testcase classname="com.EmplyeesAPITestCases.TC003_Create_New_Employee_Record" name="getContentLength" time="0.0"/>
  <testcase classname="com.EmplyeesAPITestCases.TC003_Create_New_Employee_Record" name="getContentType" time="0.001"/>
  <testcase classname="com.EmplyeesAPITestCases.TC003_Create_New_Employee_Record" name="getServerType" time="0.0"/>
  <testcase classname="com.EmplyeesAPITestCases.TC004_Update_Employee_Record" name="checkResponseBody" time="0.002"/>
  <testcase classname="com.EmplyeesAPITestCases.TC004_Update_Employee_Record" name="checkResponseTime" time="0.0"/>
  <testcase classname="com.EmplyeesAPITestCases.TC004_Update_Employee_Record" name="checkStatusCode" time="0.001"/>
  <testcase classname="com.EmplyeesAPITestCases.TC004_Update_Employee_Record" name="checkStatusLine" time="0.0"/>
  <testcase classname="com.EmplyeesAPITestCases.TC004_Update_Employee_Record" name="getContentEncoding" time="0.0"/>
  <testcase classname="com.EmplyeesAPITestCases.TC004_Update_Employee_Record" name="getContentLength" time="0.001"/>
  <testcase classname="com.EmplyeesAPITestCases.TC004_Update_Employee_Record" name="getContentType" time="0.001"/>
  <testcase classname="com.EmplyeesAPITestCases.TC004_Update_Employee_Record" name="getServerType" time="0.0"/>
  <testcase classname="com.EmplyeesAPITestCases.TC005_Delete_Employee_Record" name="checkResponseBody" time="0.002"/>
  <testcase classname="com.EmplyeesAPITestCases.TC005_Delete_Employee_Record" name="checkResponseTime" time="0.0"/>
  <testcase classname="com.EmplyeesAPITestCases.TC005_Delete_Employee_Record" name="checkStatusCode" time="0.001"/>
  <testcase classname="com.EmplyeesAPITestCases.TC005_Delete_Employee_Record" name="checkStatusLine" time="0.001"/>
  <testcase classname="com.EmplyeesAPITestCases.TC005_Delete_Employee_Record" name="getContentEncoding" time="0.0"/>
  <testcase classname="com.EmplyeesAPITestCases.TC005_Delete_Employee_Record" name="getContentLength" time="0.001"/>
  <testcase classname="com.EmplyeesAPITestCases.TC005_Delete_Employee_Record" name="getContentType" time="0.001"/>
  <testcase classname="com.EmplyeesAPITestCases.TC005_Delete_Employee_Record" name="getServerType" time="0.001"/>
</testsuite> <!-- EmployeesRestAssredTests -->
